<?xml version="1.0" encoding="UTF-8"?>
<!-- Generated by org.testng.reporters.JUnitReportReporter -->
<testsuite hostname="mahesh3" name="com.automationtest.Auttest" tests="1" failures="0" timestamp="25 Mar 2016 15:51:30 GMT" time="76.355" errors="0">
  <testcase name="test02" time="76.355" classname="com.automationtest.Auttest"/>
</testsuite> <!-- com.automationtest.Auttest -->
