<?xml version="1.0" encoding="UTF-8"?>
<!-- Generated by org.testng.reporters.JUnitReportReporter -->
<testsuite hostname="mahesh3" name="com.automationtest.Auttest" tests="1" failures="0" timestamp="18 Mar 2016 19:20:27 GMT" time="37.697" errors="0">
  <testcase name="test02" time="37.697" classname="com.automationtest.Auttest"/>
</testsuite> <!-- com.automationtest.Auttest -->
