<?xml version="1.0" encoding="UTF-8"?>
<!-- Generated by org.testng.reporters.JUnitReportReporter -->
<testsuite hostname="mahesh3" name="com.automationtest.Auttest" tests="1" failures="0" timestamp="16 Mar 2016 17:03:16 GMT" time="15.100" errors="0">
  <testcase name="test02" time="15.100" classname="com.automationtest.Auttest"/>
</testsuite> <!-- com.automationtest.Auttest -->
